Started phase 0 (Warm up), duration: 20s @ 16:41:03(+0300) 2019-09-18
Report @ 16:41:13(+0300) 2019-09-18
Elapsed time: 10 seconds
  Scenarios launched:  99
  Scenarios completed: 64
  Requests completed:  532
  RPS sent: 57.51
  Request latency:
    min: 26.1
    max: 792.9
    median: 309.3
    p95: 672.1
    p99: 759.2
  Codes:
    200: 532

Report @ 16:41:23(+0300) 2019-09-18
Elapsed time: 20 seconds
  Scenarios launched:  101
  Scenarios completed: 53
  Requests completed:  463
  RPS sent: 51.05
  Request latency:
    min: 396.7
    max: 2365.3
    median: 995.2
    p95: 2085
    p99: 2232.2
  Codes:
    200: 463

Report @ 16:41:31(+0300) 2019-09-18
Elapsed time: 27 seconds
  Scenarios launched:  0
  Scenarios completed: 83
  Requests completed:  405
  RPS sent: 43.75
  Request latency:
    min: 46.2
    max: 2450.6
    median: 1220.3
    p95: 2301.7
    p99: 2395.8
  Codes:
    200: 405

All virtual users finished
Summary report @ 16:41:31(+0300) 2019-09-18
  Scenarios launched:  200
  Scenarios completed: 200
  Requests completed:  1400
  RPS sent: 51.13
  Request latency:
    min: 26.1
    max: 2450.6
    median: 735.3
    p95: 2122
    p99: 2329.8
  Scenario counts:
    Practitioner scenario: 200 (100%)
  Codes:
    200: 1400

